[09:33:46] [Render thread/INFO] [JMLogger] JourneyMap log initialized.
[09:33:46] [Render thread/INFO] [JourneymapClient] initialize ENTER
[09:33:46] [Render thread/INFO] [ClientAPI] [ClientAPI] built with JourneyMap API 1.8-SNAPSHOT
[09:33:46] [Render thread/INFO] [PluginHelper] Initializing plugins with Client API: journeymap.client.api.impl.ClientAPI
[09:33:46] [Render thread/INFO] [PluginHelper] Initialized IClientPlugin: com.minecolonies.coremod.compatibility.journeymap.JourneymapPlugin
[09:33:46] [Render thread/INFO] [PluginHelper] Initialized IClientPlugin: net.blay09.mods.waystones.compat.JourneyMapAddon
[09:33:46] [Render thread/INFO] [?] Version: JourneyMap 1.18.2-5.8.5, built with forge 1.18.2-40.1.0
forge: 40.1.31
Environment: os.name, os.arch, java.version, user.country, user.language=null, game language=en_us, locale=en_us
Features: 
	RadarPlayers : singleplayer = true , multiplayer = true
	RadarAnimals : singleplayer = true , multiplayer = true
	RadarMobs : singleplayer = true , multiplayer = true
	RadarVillagers : singleplayer = true , multiplayer = true
	MapTopo : singleplayer = true , multiplayer = true
	MapSurface : singleplayer = true , multiplayer = true
	MapCaves : singleplayer = true , multiplayer = true
	MapBiome : singleplayer = true , multiplayer = true
MiniMapProperties{state=Valid, file=journeymap.minimap.config, configVersion=5.8.5, zoomLevel=1, compassFontScale=1.0, terrainAlpha=100, showEntityNames=true, positionX=0.9, positionY=0.25, effectVertical=false, showPlayerHeading=true, sizePercent=30, playerDisplayScale=1.0, showDayNight=true, showPets=true, preferredMapType=night, showCompass=true, mobDisplay=jm.common.entity_display.icons, systemTimeRealFormat=HH:mm:ss, shape=jm.minimap.shape_circle, showSelf=true, selfDisplayScale=1.0, showGrid=true, reticleOrientation=jm.minimap.orientation.compass, gameTimeRealFormat=HH:mm:ss, effectTranslateX=0, showWaypoints=true, minimapKeyMovementSpeed=0.001, showAnimals=true, infoSlotAlpha=0.7, effectTranslateY=0, showWaypointLabels=true, moveEffectIcons=true, position=jm.minimap.position_topright, fontScale=1.0, showPlayers=true, waypointIconScale=1.0, frameAlpha=100, effectReversed=false, backgroundAlpha=0.8, enabled=true, showVillagers=true, info2Label=jm.theme.labelsource.gametime, info3Label=jm.theme.labelsource.location, showMobs=true, waypointLabelScale=1.0, showReticle=true, orientation=jm.minimap.orientation.north, info4Label=jm.theme.labelsource.biome, locationFormat=xzyv, playerDisplay=jm.common.entity_display.dots, mobDisplayScale=1.0, showCaves=true, showMobHeading=true, locationFormatVerbose=true, info1Label=jm.theme.labelsource.blank}
MiniMapProperties{state=Valid, file=journeymap.minimap2.config, configVersion=5.8.5, zoomLevel=0, compassFontScale=1.0, terrainAlpha=100, showEntityNames=true, positionX=0.9, positionY=0.25, effectVertical=false, showPlayerHeading=true, sizePercent=30, playerDisplayScale=1.0, showDayNight=true, showPets=true, preferredMapType=night, showCompass=true, mobDisplay=jm.common.entity_display.dots, systemTimeRealFormat=HH:mm:ss, shape=jm.minimap.shape_rectangle, showSelf=true, selfDisplayScale=1.0, showGrid=true, reticleOrientation=jm.minimap.orientation.compass, gameTimeRealFormat=HH:mm:ss, effectTranslateX=0, showWaypoints=true, minimapKeyMovementSpeed=0.001, showAnimals=true, infoSlotAlpha=0.7, effectTranslateY=0, showWaypointLabels=true, moveEffectIcons=true, position=jm.minimap.position_topright, fontScale=1.0, showPlayers=true, waypointIconScale=1.0, frameAlpha=100, effectReversed=false, backgroundAlpha=0.8, enabled=true, showVillagers=true, info2Label=jm.theme.labelsource.gametime, info3Label=jm.theme.labelsource.location, showMobs=true, waypointLabelScale=1.0, showReticle=true, orientation=jm.minimap.orientation.north, info4Label=jm.theme.labelsource.biome, locationFormat=xzyv, playerDisplay=jm.common.entity_display.dots, mobDisplayScale=1.0, showCaves=true, showMobHeading=true, locationFormatVerbose=true, info1Label=jm.theme.labelsource.blank}
FullMapProperties{state=Valid, file=journeymap.fullmap.config, configVersion=5.8.5, zoomLevel=2, showPlayers=true, waypointIconScale=1.0, showEntityNames=true, showPlayerHeading=true, showVillagers=true, showPlayerLoc=true, showKeys=true, playerDisplayScale=1.0, showMobs=true, showPets=true, waypointLabelScale=1.0, preferredMapType=day, mobDisplay=jm.common.entity_display.icons, showSelf=true, locationFormat=xzyv, playerDisplay=jm.common.entity_display.icons, mobDisplayScale=1.0, selfDisplayScale=1.0, showGrid=true, showMouseLoc=true, showWaypoints=true, showCaves=true, showAnimals=true, dragScale=1, showMobHeading=true, showWaypointLabels=true, locationFormatVerbose=true, fontScale=1.0}
WaypointProperties{state=Valid, file=journeymap.waypoint.config, configVersion=5.8.5, autoRemoveDeathpointDistance=2, dateFormat=MM-dd-yyyy, autoRemoveDeathpoints=false, fullscreenDoubleClickToCreate=true, managerDimensionFocus=false, minDistance=4, boldLabel=false, textureSmall=true, showDeathpointlabel=true, beaconEnabled=true, createDeathpoints=true, showName=true, disableStrikeThrough=false, maxDistance=0, autoHideLabel=true, autoRemoveTempWaypoints=2, teleportCommand=/tp {name} {x} {y} {z}, showStaticBeam=true, shaderBeacon=false, timeFormat=HH:mm:ss, showDeviationLabel=false, showDistance=true, showRotatingBeam=true, fontScale=2.0, showTexture=true, managerEnabled=true}
WebMapProperties{state=Valid, file=journeymap.webmap.config, configVersion=5.8.5, port=8080, enabled=false}
CoreProperties{state=Valid, file=journeymap.core.config, configVersion=5.8.5, verboseColorPalette=false, maxPlayersData=32, mapSurfaceAboveCaves=true, dataCachingEnabled=true, optionsManagerViewed=5.8.5, announceMod=true, colorPassive=#bbbbbb, mapBlendWater=false, renderDistanceSurfaceMax=0, seedId=false, radarVerticalDistance=16, mapBlendGrass=true, recordCacheStats=false, hideSneakingEntities=true, revealShape=jm.minimap.shape_circle, mapBiome=true, alwaysMapSurface=false, colorVillager=#88e188, mapPlants=false, colorPet=#0077ff, radarLateralDistance=64, mapBathymetry=false, mapCrops=true, maxMobsData=32, mapPlantShadows=false, alwaysMapCaves=false, checkUpdates=true, mapBlendFoliage=true, hideSpectators=false, mappingEnabled=true, colorPlayer=#ffffff, tileHighDisplayQuality=true, cacheVillagersData=2200, logLevel=INFO, maxVillagersData=32, mapWaterBiomeColors=false, maxAnimalsData=32, mapTransparency=true, tileRenderType=1, caveIgnoreGlass=true, mapTopography=true, renderDistanceCaveMax=0, mapAntialiasing=true, colorSelf=#0000ff, cachePlayersData=2000, cacheMobsData=3000, cachePlayerData=1000, splashViewed=5.8.5, colorHostile=#ff0000, cacheAnimalsData=3100, themeName=OceanMonument, mapCaveLighting=true, renderDelay=2, glErrorChecking=false, autoMapPoll=2000}
[09:33:47] [Render thread/INFO] [JourneymapClient] initialize EXIT, elapsed count 1 avg 1137.76ms
[09:34:40] [Render thread/INFO] [JourneymapClient] Journeymap PostInit
[09:34:40] [Render thread/ERROR] [FileHandler] Couldn't locate icons for flat: F:\Curseforge\Instances\Medieval%20Immersed%20(1)%20(1)\mods\journeymap-1.18.2-5.8.5-forge.jar\assets\journeymap\theme\flat
[09:34:40] [Render thread/INFO] [ThemeLoader] Preloaded theme textures: 73
[09:34:40] [Render thread/INFO] [JourneymapClient] postInitialize EXIT, elapsed count 1 avg 217.13ms
[09:37:57] [Netty Client IO #1/INFO] [ForgeConfig] Loading JourneyMap Forge Configs
[09:38:20] [Render thread/INFO] [JourneymapClient] World UID is set to: d92ce67c-d76d-4f7f-9f18-1066688e964a
[09:38:36] [Render thread/INFO] [ModBlockDelegate] Custom modded block handling enabled for biomesoplenty
[09:38:36] [Render thread/INFO] [WaypointStore] Loaded 5 waypoints from F:\Curseforge\Instances\Medieval Immersed (1) (1)\journeymap\data\mp\Minecraft~Server_d92ce67c~d76d~4f7f~9f18~1066688e964a\waypoints
[09:38:36] [Render thread/INFO] [JourneymapClient] Mapping started in F:\Curseforge\Instances\Medieval Immersed (1) (1)\journeymap\data\mp\Minecraft~Server_d92ce67c~d76d~4f7f~9f18~1066688e964a\overworld. Memory: 7264MB total, 3186MB free 
[09:38:36] [Render thread/INFO] [WaypointGroupStore] Loaded WaypointGroups file F:\Curseforge\Instances\Medieval Immersed (1) (1)\journeymap\data\mp\Minecraft~Server_d92ce67c~d76d~4f7f~9f18~1066688e964a\waypoints\waypoint_groups.json
[09:38:37] [Render thread/WARN] [TextureCache] Image not found: alexsmobs:textures/entity_icon/gazelle.png
[09:38:37] [Render thread/WARN] [TextureCache] Image not found: alexsmobs:textures/entity_icon/lobster_red.png
[09:38:37] [Render thread/WARN] [TextureCache] Image not found: alexsmobs:textures/entity_icon/fly.png
[09:38:37] [Render thread/WARN] [TextureCache] Image not found: alexsmobs:textures/entity_icon/seagull.png
[09:38:37] [Render thread/INFO] [ChatLog] 
[09:42:02] [Render thread/WARN] [TextureCache] Image not found: alexsmobs:textures/entity_icon/catfish_medium.png
[09:42:02] [Render thread/WARN] [TextureCache] Image not found: alexsmobs:textures/entity_icon/catfish_small.png
[09:42:27] [Render thread/INFO] [JourneymapClient] Mapping halted in F:\Curseforge\Instances\Medieval Immersed (1) (1)\journeymap\data\mp\Minecraft~Server_d92ce67c~d76d~4f7f~9f18~1066688e964a\minecraft:overworld
[09:42:35] [Render thread/INFO] [MappingMonitorTask] World ID has been reset.
[09:42:35] [Render thread/INFO] [JourneymapClient] World UID is set to: null
